{"/Users/piotrkniaz/Desktop/DoggyMeet/packages/server/src/utils/sumNumbers.ts": {"path":"/Users/piotrkniaz/Desktop/DoggyMeet/packages/server/src/utils/sumNumbers.ts","all":false,"statementMap":{"0":{"start":{"line":1,"column":0},"end":{"line":1,"column":58}}},"s":{"0":1},"branchMap":{"0":{"type":"branch","line":1,"loc":{"start":{"line":1,"column":0},"end":{"line":1,"column":58}},"locations":[{"start":{"line":1,"column":0},"end":{"line":1,"column":58}}]},"1":{"type":"branch","line":1,"loc":{"start":{"line":1,"column":0},"end":{"line":1,"column":58}},"locations":[{"start":{"line":1,"column":0},"end":{"line":1,"column":58}}]}},"b":{"0":[1],"1":[1]},"fnMap":{"0":{"name":"Object.<anonymous>","decl":{"start":{"line":1,"column":0},"end":{"line":1,"column":58}},"loc":{"start":{"line":1,"column":0},"end":{"line":1,"column":58}},"line":1}},"f":{"0":1}}
}
